{"C:\\Users\\morenoisidro\\dev\\clients\\scale.io\\isidro-moreno-web\\jest-global-mocks.ts": {"path":"C:\\Users\\morenoisidro\\dev\\clients\\scale.io\\isidro-moreno-web\\jest-global-mocks.ts","statementMap":{"0":{"start":{"line":1,"column":0},"end":{"line":1,"column":54}},"1":{"start":{"line":2,"column":0},"end":{"line":4,"column":3}},"2":{"start":{"line":5,"column":0},"end":{"line":12,"column":3}},"3":{"start":{"line":7,"column":4},"end":{"line":10,"column":6}},"4":{"start":{"line":17,"column":0},"end":{"line":24,"column":3}},"5":{"start":{"line":19,"column":4},"end":{"line":22,"column":6}}},"fnMap":{"0":{"name":"(anonymous_0)","decl":{"start":{"line":6,"column":9},"end":{"line":6,"column":12}},"loc":{"start":{"line":6,"column":14},"end":{"line":11,"column":3}}},"1":{"name":"(anonymous_1)","decl":{"start":{"line":18,"column":9},"end":{"line":18,"column":12}},"loc":{"start":{"line":18,"column":14},"end":{"line":23,"column":3}}}},"branchMap":{},"s":{"0":5,"1":5,"2":5,"3":0,"4":5,"5":0},"f":{"0":0,"1":0},"b":{}}
,"C:\\Users\\morenoisidro\\dev\\clients\\scale.io\\isidro-moreno-web\\src\\app\\app.component.html": {"path":"C:\\Users\\morenoisidro\\dev\\clients\\scale.io\\isidro-moreno-web\\src\\app\\app.component.html","statementMap":{"0":{"start":{"line":1,"column":0},"end":{"line":1,"column":313}}},"fnMap":{},"branchMap":{},"s":{"0":1},"f":{},"b":{},"_coverageSchema":"1a1c01bbd47fc00a2c39e90264f33305004495a9","hash":"7d4e34c463d00d87e79183cb631ca5a7a1bf2551"}
,"C:\\Users\\morenoisidro\\dev\\clients\\scale.io\\isidro-moreno-web\\src\\app\\app.component.ts": {"path":"C:\\Users\\morenoisidro\\dev\\clients\\scale.io\\isidro-moreno-web\\src\\app\\app.component.ts","statementMap":{"0":{"start":{"line":1,"column":0},"end":{"line":1,"column":61}},"1":{"start":{"line":3,"column":0},"end":{"line":3,"column":53}},"2":{"start":{"line":5,"column":0},"end":{"line":5,"column":89}},"3":{"start":{"line":7,"column":0},"end":{"line":7,"column":58}},"4":{"start":{"line":8,"column":0},"end":{"line":8,"column":86}},"5":{"start":{"line":26,"column":22},"end":{"line":26,"column":50}},"6":{"start":{"line":16,"column":10},"end":{"line":16,"column":50}},"7":{"start":{"line":18,"column":2},"end":{"line":18,"column":38}},"8":{"start":{"line":19,"column":2},"end":{"line":19,"column":39}},"9":{"start":{"line":20,"column":2},"end":{"line":20,"column":17}},"10":{"start":{"line":21,"column":2},"end":{"line":21,"column":28}},"11":{"start":{"line":23,"column":2},"end":{"line":23,"column":30}},"12":{"start":{"line":27,"column":4},"end":{"line":27,"column":77}},"13":{"start":{"line":31,"column":4},"end":{"line":34,"column":7}},"14":{"start":{"line":32,"column":6},"end":{"line":32,"column":66}},"15":{"start":{"line":33,"column":6},"end":{"line":33,"column":63}},"16":{"start":{"line":38,"column":4},"end":{"line":38,"column":42}},"17":{"start":{"line":42,"column":4},"end":{"line":52,"column":null}},"18":{"start":{"line":43,"column":6},"end":{"line":43,"column":36}},"19":{"start":{"line":44,"column":22},"end":{"line":44,"column":62}},"20":{"start":{"line":45,"column":6},"end":{"line":48,"column":21}},"21":{"start":{"line":47,"column":41},"end":{"line":47,"column":97}},"22":{"start":{"line":50,"column":6},"end":{"line":50,"column":37}},"23":{"start":{"line":51,"column":6},"end":{"line":51,"column":62}},"24":{"start":{"line":60,"column":4},"end":{"line":60,"column":71}},"25":{"start":{"line":61,"column":4},"end":{"line":61,"column":68}},"26":{"start":{"line":62,"column":4},"end":{"line":64,"column":null}},"27":{"start":{"line":63,"column":6},"end":{"line":63,"column":68}},"28":{"start":{"line":68,"column":21},"end":{"line":68,"column":61}},"29":{"start":{"line":69,"column":4},"end":{"line":71,"column":null}},"30":{"start":{"line":70,"column":6},"end":{"line":70,"column":48}},"31":{"start":{"line":72,"column":4},"end":{"line":72,"column":13}},"32":{"start":{"line":15,"column":13},"end":{"line":15,"column":null}},"33":{"start":{"line":15,"column":13},"end":{"line":15,"column":25}}},"fnMap":{"0":{"name":"(anonymous_0)","decl":{"start":{"line":26,"column":2},"end":{"line":26,"column":22}},"loc":{"start":{"line":26,"column":50},"end":{"line":28,"column":3}}},"1":{"name":"(anonymous_1)","decl":{"start":{"line":30,"column":2},"end":{"line":30,"column":13}},"loc":{"start":{"line":30,"column":27},"end":{"line":35,"column":3}}},"2":{"name":"(anonymous_2)","decl":{"start":{"line":31,"column":82},"end":{"line":31,"column":83}},"loc":{"start":{"line":31,"column":104},"end":{"line":34,"column":5}}},"3":{"name":"(anonymous_3)","decl":{"start":{"line":37,"column":2},"end":{"line":37,"column":13}},"loc":{"start":{"line":37,"column":13},"end":{"line":39,"column":3}}},"4":{"name":"(anonymous_4)","decl":{"start":{"line":41,"column":2},"end":{"line":41,"column":10}},"loc":{"start":{"line":41,"column":29},"end":{"line":53,"column":3}}},"5":{"name":"(anonymous_5)","decl":{"start":{"line":47,"column":18},"end":{"line":47,"column":19}},"loc":{"start":{"line":47,"column":41},"end":{"line":47,"column":97}}},"6":{"name":"(anonymous_6)","decl":{"start":{"line":59,"column":10},"end":{"line":59,"column":42}},"loc":{"start":{"line":59,"column":95},"end":{"line":65,"column":3}}},"7":{"name":"(anonymous_7)","decl":{"start":{"line":67,"column":10},"end":{"line":67,"column":26}},"loc":{"start":{"line":67,"column":38},"end":{"line":73,"column":3}}}},"branchMap":{"0":{"loc":{"start":{"line":42,"column":4},"end":{"line":52,"column":null}},"type":"if","locations":[{"start":{"line":42,"column":4},"end":{"line":52,"column":null}},{"start":{"line":49,"column":11},"end":{"line":52,"column":null}}]},"1":{"loc":{"start":{"line":60,"column":26},"end":{"line":60,"column":70}},"type":"binary-expr","locations":[{"start":{"line":60,"column":26},"end":{"line":60,"column":64}},{"start":{"line":60,"column":68},"end":{"line":60,"column":70}}]},"2":{"loc":{"start":{"line":60,"column":26},"end":{"line":60,"column":64}},"type":"cond-expr","locations":[{"start":{"line":60,"column":57},"end":{"line":60,"column":59}},{"start":{"line":60,"column":57},"end":{"line":60,"column":64}}]},"3":{"loc":{"start":{"line":60,"column":26},"end":{"line":60,"column":59}},"type":"binary-expr","locations":[{"start":{"line":60,"column":26},"end":{"line":60,"column":59}},{"start":{"line":60,"column":57},"end":{"line":60,"column":59}}]},"4":{"loc":{"start":{"line":61,"column":27},"end":{"line":61,"column":67}},"type":"binary-expr","locations":[{"start":{"line":61,"column":27},"end":{"line":61,"column":59}},{"start":{"line":61,"column":63},"end":{"line":61,"column":67}}]},"5":{"loc":{"start":{"line":62,"column":4},"end":{"line":64,"column":null}},"type":"if","locations":[{"start":{"line":62,"column":4},"end":{"line":64,"column":null}}]},"6":{"loc":{"start":{"line":62,"column":8},"end":{"line":62,"column":53}},"type":"binary-expr","locations":[{"start":{"line":62,"column":8},"end":{"line":62,"column":28}},{"start":{"line":62,"column":32},"end":{"line":62,"column":53}}]},"7":{"loc":{"start":{"line":69,"column":4},"end":{"line":71,"column":null}},"type":"if","locations":[{"start":{"line":69,"column":4},"end":{"line":71,"column":null}}]}},"s":{"0":1,"1":1,"2":1,"3":1,"4":1,"5":0,"6":0,"7":0,"8":0,"9":0,"10":0,"11":0,"12":0,"13":0,"14":0,"15":0,"16":0,"17":0,"18":0,"19":0,"20":0,"21":0,"22":0,"23":0,"24":0,"25":0,"26":0,"27":0,"28":0,"29":0,"30":0,"31":0,"32":1,"33":1},"f":{"0":0,"1":0,"2":0,"3":0,"4":0,"5":0,"6":0,"7":0},"b":{"0":[0,0],"1":[0,0],"2":[0,0],"3":[0,0],"4":[0,0],"5":[0],"6":[0,0],"7":[0]}}
,"C:\\Users\\morenoisidro\\dev\\clients\\scale.io\\isidro-moreno-web\\src\\app\\consts.ts": {"path":"C:\\Users\\morenoisidro\\dev\\clients\\scale.io\\isidro-moreno-web\\src\\app\\consts.ts","statementMap":{"0":{"start":{"line":1,"column":13},"end":{"line":13,"column":2}}},"fnMap":{},"branchMap":{},"s":{"0":1},"f":{},"b":{}}
,"C:\\Users\\morenoisidro\\dev\\clients\\scale.io\\isidro-moreno-web\\src\\app\\components\\github-pagination\\github-pagination.component.html": {"path":"C:\\Users\\morenoisidro\\dev\\clients\\scale.io\\isidro-moreno-web\\src\\app\\components\\github-pagination\\github-pagination.component.html","statementMap":{"0":{"start":{"line":1,"column":0},"end":{"line":1,"column":1088}}},"fnMap":{},"branchMap":{},"s":{"0":1},"f":{},"b":{},"_coverageSchema":"1a1c01bbd47fc00a2c39e90264f33305004495a9","hash":"eb827e947466695d8bd1f72912599c49f99a84be"}
,"C:\\Users\\morenoisidro\\dev\\clients\\scale.io\\isidro-moreno-web\\src\\app\\components\\github-pagination\\github-pagination.component.ts": {"path":"C:\\Users\\morenoisidro\\dev\\clients\\scale.io\\isidro-moreno-web\\src\\app\\components\\github-pagination\\github-pagination.component.ts","statementMap":{"0":{"start":{"line":1,"column":0},"end":{"line":1,"column":109}},"1":{"start":{"line":2,"column":0},"end":{"line":2,"column":45}},"2":{"start":{"line":3,"column":0},"end":{"line":3,"column":64}},"3":{"start":{"line":24,"column":22},"end":{"line":24,"column":44}},"4":{"start":{"line":11,"column":18},"end":{"line":11,"column":49}},"5":{"start":{"line":13,"column":2},"end":{"line":13,"column":18}},"6":{"start":{"line":14,"column":2},"end":{"line":14,"column":21}},"7":{"start":{"line":15,"column":2},"end":{"line":15,"column":21}},"8":{"start":{"line":17,"column":2},"end":{"line":17,"column":47}},"9":{"start":{"line":19,"column":11},"end":{"line":19,"column":null}},"10":{"start":{"line":20,"column":11},"end":{"line":20,"column":null}},"11":{"start":{"line":22,"column":12},"end":{"line":22,"column":null}},"12":{"start":{"line":27,"column":4},"end":{"line":30,"column":7}},"13":{"start":{"line":28,"column":6},"end":{"line":28,"column":31}},"14":{"start":{"line":29,"column":6},"end":{"line":29,"column":42}},"15":{"start":{"line":34,"column":4},"end":{"line":34,"column":28}},"16":{"start":{"line":38,"column":4},"end":{"line":38,"column":47}},"17":{"start":{"line":42,"column":4},"end":{"line":42,"column":41}},"18":{"start":{"line":43,"column":4},"end":{"line":43,"column":57}},"19":{"start":{"line":10,"column":13},"end":{"line":10,"column":null}},"20":{"start":{"line":10,"column":13},"end":{"line":10,"column":32}}},"fnMap":{"0":{"name":"(anonymous_0)","decl":{"start":{"line":24,"column":2},"end":{"line":24,"column":22}},"loc":{"start":{"line":24,"column":44},"end":{"line":24,"column":48}}},"1":{"name":"(anonymous_1)","decl":{"start":{"line":26,"column":2},"end":{"line":26,"column":10}},"loc":{"start":{"line":26,"column":10},"end":{"line":31,"column":3}}},"2":{"name":"(anonymous_2)","decl":{"start":{"line":27,"column":63},"end":{"line":27,"column":64}},"loc":{"start":{"line":27,"column":73},"end":{"line":30,"column":5}}},"3":{"name":"(anonymous_3)","decl":{"start":{"line":33,"column":2},"end":{"line":33,"column":6}},"loc":{"start":{"line":33,"column":25},"end":{"line":35,"column":3}}},"4":{"name":"(anonymous_4)","decl":{"start":{"line":37,"column":2},"end":{"line":37,"column":13}},"loc":{"start":{"line":37,"column":13},"end":{"line":39,"column":3}}},"5":{"name":"(anonymous_5)","decl":{"start":{"line":41,"column":10},"end":{"line":41,"column":33}},"loc":{"start":{"line":41,"column":53},"end":{"line":44,"column":3}}}},"branchMap":{},"s":{"0":1,"1":1,"2":1,"3":1,"4":1,"5":1,"6":1,"7":1,"8":1,"9":1,"10":1,"11":1,"12":1,"13":1,"14":1,"15":0,"16":1,"17":1,"18":1,"19":1,"20":1},"f":{"0":1,"1":1,"2":1,"3":0,"4":1,"5":1},"b":{}}
,"C:\\Users\\morenoisidro\\dev\\clients\\scale.io\\isidro-moreno-web\\src\\app\\components\\results\\results.component.html": {"path":"C:\\Users\\morenoisidro\\dev\\clients\\scale.io\\isidro-moreno-web\\src\\app\\components\\results\\results.component.html","statementMap":{"0":{"start":{"line":1,"column":0},"end":{"line":1,"column":965}}},"fnMap":{},"branchMap":{},"s":{"0":1},"f":{},"b":{},"_coverageSchema":"1a1c01bbd47fc00a2c39e90264f33305004495a9","hash":"8e4bcb1006dd04caaf475224c5f58bba792e4659"}
,"C:\\Users\\morenoisidro\\dev\\clients\\scale.io\\isidro-moreno-web\\src\\app\\components\\results\\results.component.ts": {"path":"C:\\Users\\morenoisidro\\dev\\clients\\scale.io\\isidro-moreno-web\\src\\app\\components\\results\\results.component.ts","statementMap":{"0":{"start":{"line":1,"column":0},"end":{"line":1,"column":71}},"1":{"start":{"line":2,"column":0},"end":{"line":2,"column":38}},"2":{"start":{"line":12,"column":11},"end":{"line":12,"column":null}},"3":{"start":{"line":13,"column":11},"end":{"line":13,"column":null}},"4":{"start":{"line":14,"column":11},"end":{"line":14,"column":null}},"5":{"start":{"line":15,"column":11},"end":{"line":15,"column":null}},"6":{"start":{"line":16,"column":12},"end":{"line":16,"column":null}},"7":{"start":{"line":19,"column":4},"end":{"line":19,"column":28}},"8":{"start":{"line":11,"column":13},"end":{"line":11,"column":null}},"9":{"start":{"line":11,"column":13},"end":{"line":11,"column":29}}},"fnMap":{"0":{"name":"(anonymous_1)","decl":{"start":{"line":18,"column":9},"end":{"line":18,"column":17}},"loc":{"start":{"line":18,"column":36},"end":{"line":20,"column":3}}}},"branchMap":{},"s":{"0":1,"1":1,"2":1,"3":1,"4":1,"5":1,"6":1,"7":0,"8":1,"9":1},"f":{"0":0},"b":{}}
,"C:\\Users\\morenoisidro\\dev\\clients\\scale.io\\isidro-moreno-web\\src\\app\\components\\search\\search.component.html": {"path":"C:\\Users\\morenoisidro\\dev\\clients\\scale.io\\isidro-moreno-web\\src\\app\\components\\search\\search.component.html","statementMap":{"0":{"start":{"line":1,"column":0},"end":{"line":1,"column":454}}},"fnMap":{},"branchMap":{},"s":{"0":1},"f":{},"b":{},"_coverageSchema":"1a1c01bbd47fc00a2c39e90264f33305004495a9","hash":"02da558494b4de14710e12928004e88c8a940c96"}
,"C:\\Users\\morenoisidro\\dev\\clients\\scale.io\\isidro-moreno-web\\src\\app\\components\\search\\search.component.ts": {"path":"C:\\Users\\morenoisidro\\dev\\clients\\scale.io\\isidro-moreno-web\\src\\app\\components\\search\\search.component.ts","statementMap":{"0":{"start":{"line":1,"column":0},"end":{"line":1,"column":92}},"1":{"start":{"line":2,"column":0},"end":{"line":2,"column":69}},"2":{"start":{"line":14,"column":22},"end":{"line":14,"column":37}},"3":{"start":{"line":12,"column":12},"end":{"line":12,"column":null}},"4":{"start":{"line":15,"column":4},"end":{"line":15,"column":67}},"5":{"start":{"line":19,"column":4},"end":{"line":19,"column":54}},"6":{"start":{"line":23,"column":4},"end":{"line":23,"column":23}},"7":{"start":{"line":27,"column":4},"end":{"line":27,"column":23}},"8":{"start":{"line":31,"column":4},"end":{"line":31,"column":39}},"9":{"start":{"line":9,"column":13},"end":{"line":9,"column":null}},"10":{"start":{"line":9,"column":13},"end":{"line":9,"column":28}}},"fnMap":{"0":{"name":"(anonymous_0)","decl":{"start":{"line":14,"column":2},"end":{"line":14,"column":22}},"loc":{"start":{"line":14,"column":37},"end":{"line":16,"column":3}}},"1":{"name":"(anonymous_1)","decl":{"start":{"line":18,"column":2},"end":{"line":18,"column":6}},"loc":{"start":{"line":18,"column":11},"end":{"line":20,"column":3}}},"2":{"name":"(anonymous_2)","decl":{"start":{"line":22,"column":2},"end":{"line":22,"column":10}},"loc":{"start":{"line":22,"column":10},"end":{"line":24,"column":3}}},"3":{"name":"(anonymous_3)","decl":{"start":{"line":26,"column":2},"end":{"line":26,"column":13}},"loc":{"start":{"line":26,"column":13},"end":{"line":28,"column":3}}},"4":{"name":"(anonymous_4)","decl":{"start":{"line":30,"column":2},"end":{"line":30,"column":15}},"loc":{"start":{"line":30,"column":15},"end":{"line":32,"column":3}}}},"branchMap":{},"s":{"0":1,"1":1,"2":0,"3":0,"4":0,"5":0,"6":0,"7":0,"8":0,"9":1,"10":1},"f":{"0":0,"1":0,"2":0,"3":0,"4":0},"b":{}}
,"C:\\Users\\morenoisidro\\dev\\clients\\scale.io\\isidro-moreno-web\\src\\app\\model\\search-results-page.ts": {"path":"C:\\Users\\morenoisidro\\dev\\clients\\scale.io\\isidro-moreno-web\\src\\app\\model\\search-results-page.ts","statementMap":{"0":{"start":{"line":3,"column":0},"end":{"line":3,"column":null}},"1":{"start":{"line":4,"column":2},"end":{"line":4,"column":null}},"2":{"start":{"line":5,"column":2},"end":{"line":5,"column":null}},"3":{"start":{"line":6,"column":2},"end":{"line":6,"column":null}},"4":{"start":{"line":7,"column":2},"end":{"line":7,"column":null}},"5":{"start":{"line":8,"column":2},"end":{"line":8,"column":null}}},"fnMap":{"0":{"name":"(anonymous_0)","decl":{"start":{"line":3,"column":0},"end":{"line":3,"column":12}},"loc":{"start":{"line":3,"column":25},"end":{"line":9,"column":1}}}},"branchMap":{"0":{"loc":{"start":{"line":3,"column":12},"end":{"line":3,"column":null}},"type":"binary-expr","locations":[{"start":{"line":3,"column":12},"end":{"line":3,"column":25}},{"start":{"line":3,"column":12},"end":{"line":3,"column":null}}]}},"s":{"0":2,"1":2,"2":2,"3":2,"4":2,"5":2},"f":{"0":2},"b":{"0":[2,2]}}
,"C:\\Users\\morenoisidro\\dev\\clients\\scale.io\\isidro-moreno-web\\src\\app\\services\\github.service.ts": {"path":"C:\\Users\\morenoisidro\\dev\\clients\\scale.io\\isidro-moreno-web\\src\\app\\services\\github.service.ts","statementMap":{"0":{"start":{"line":1,"column":0},"end":{"line":1,"column":59}},"1":{"start":{"line":3,"column":0},"end":{"line":3,"column":43}},"2":{"start":{"line":4,"column":0},"end":{"line":4,"column":77}},"3":{"start":{"line":6,"column":0},"end":{"line":6,"column":56}},"4":{"start":{"line":8,"column":0},"end":{"line":8,"column":36}},"5":{"start":{"line":10,"column":0},"end":{"line":10,"column":35}},"6":{"start":{"line":13,"column":0},"end":{"line":13,"column":72}},"7":{"start":{"line":33,"column":22},"end":{"line":33,"column":38}},"8":{"start":{"line":29,"column":19},"end":{"line":29,"column":71}},"9":{"start":{"line":31,"column":2},"end":{"line":31,"column":54}},"10":{"start":{"line":36,"column":4},"end":{"line":41,"column":6}},"11":{"start":{"line":38,"column":8},"end":{"line":38,"column":72}},"12":{"start":{"line":39,"column":8},"end":{"line":39,"column":58}},"13":{"start":{"line":45,"column":4},"end":{"line":54,"column":75}},"14":{"start":{"line":54,"column":30},"end":{"line":54,"column":72}},"15":{"start":{"line":58,"column":27},"end":{"line":58,"column":70}},"16":{"start":{"line":59,"column":54},"end":{"line":62,"column":6}},"17":{"start":{"line":63,"column":4},"end":{"line":63,"column":18}},"18":{"start":{"line":72,"column":24},"end":{"line":72,"column":65}},"19":{"start":{"line":73,"column":4},"end":{"line":73,"column":78}},"20":{"start":{"line":27,"column":18},"end":{"line":27,"column":null}},"21":{"start":{"line":26,"column":13},"end":{"line":26,"column":null}},"22":{"start":{"line":26,"column":13},"end":{"line":26,"column":26}}},"fnMap":{"0":{"name":"(anonymous_0)","decl":{"start":{"line":33,"column":2},"end":{"line":33,"column":22}},"loc":{"start":{"line":33,"column":38},"end":{"line":33,"column":42}}},"1":{"name":"(anonymous_1)","decl":{"start":{"line":35,"column":2},"end":{"line":35,"column":14}},"loc":{"start":{"line":35,"column":30},"end":{"line":42,"column":3}}},"2":{"name":"(anonymous_2)","decl":{"start":{"line":37,"column":10},"end":{"line":37,"column":11}},"loc":{"start":{"line":37,"column":23},"end":{"line":40,"column":7}}},"3":{"name":"(anonymous_3)","decl":{"start":{"line":44,"column":2},"end":{"line":44,"column":17}},"loc":{"start":{"line":44,"column":50},"end":{"line":55,"column":3}}},"4":{"name":"(anonymous_4)","decl":{"start":{"line":54,"column":16},"end":{"line":54,"column":17}},"loc":{"start":{"line":54,"column":30},"end":{"line":54,"column":72}}},"5":{"name":"(anonymous_5)","decl":{"start":{"line":57,"column":10},"end":{"line":57,"column":37}},"loc":{"start":{"line":57,"column":85},"end":{"line":64,"column":3}}},"6":{"name":"(anonymous_6)","decl":{"start":{"line":71,"column":10},"end":{"line":71,"column":30}},"loc":{"start":{"line":71,"column":51},"end":{"line":74,"column":3}}}},"branchMap":{"0":{"loc":{"start":{"line":44,"column":36},"end":{"line":44,"column":50}},"type":"default-arg","locations":[{"start":{"line":44,"column":49},"end":{"line":44,"column":50}}]},"1":{"loc":{"start":{"line":73,"column":11},"end":{"line":73,"column":77}},"type":"cond-expr","locations":[{"start":{"line":73,"column":47},"end":{"line":73,"column":70}},{"start":{"line":73,"column":73},"end":{"line":73,"column":77}}]},"2":{"loc":{"start":{"line":73,"column":11},"end":{"line":73,"column":44}},"type":"binary-expr","locations":[{"start":{"line":73,"column":11},"end":{"line":73,"column":22}},{"start":{"line":73,"column":26},"end":{"line":73,"column":44}}]}},"s":{"0":1,"1":1,"2":1,"3":1,"4":1,"5":1,"6":1,"7":0,"8":0,"9":0,"10":0,"11":0,"12":0,"13":0,"14":0,"15":0,"16":0,"17":0,"18":0,"19":0,"20":1,"21":1,"22":1},"f":{"0":0,"1":0,"2":0,"3":0,"4":0,"5":0,"6":0},"b":{"0":[0],"1":[0,0],"2":[0,0]}}
,"C:\\Users\\morenoisidro\\dev\\clients\\scale.io\\isidro-moreno-web\\src\\app\\utils\\link-headers-helper.ts": {"path":"C:\\Users\\morenoisidro\\dev\\clients\\scale.io\\isidro-moreno-web\\src\\app\\utils\\link-headers-helper.ts","statementMap":{"0":{"start":{"line":2,"column":0},"end":{"line":2,"column":61}},"1":{"start":{"line":4,"column":29},"end":{"line":6,"column":1}},"2":{"start":{"line":5,"column":2},"end":{"line":5,"column":72}},"3":{"start":{"line":5,"column":60},"end":{"line":5,"column":67}},"4":{"start":{"line":4,"column":13},"end":{"line":4,"column":29}},"5":{"start":{"line":8,"column":40},"end":{"line":15,"column":1}},"6":{"start":{"line":9,"column":20},"end":{"line":9,"column":32}},"7":{"start":{"line":10,"column":21},"end":{"line":10,"column":55}},"8":{"start":{"line":11,"column":2},"end":{"line":13,"column":null}},"9":{"start":{"line":12,"column":4},"end":{"line":12,"column":36}},"10":{"start":{"line":14,"column":2},"end":{"line":14,"column":97}},"11":{"start":{"line":8,"column":13},"end":{"line":8,"column":40}}},"fnMap":{"0":{"name":"(anonymous_0)","decl":{"start":{"line":4,"column":29},"end":{"line":4,"column":30}},"loc":{"start":{"line":4,"column":77},"end":{"line":6,"column":1}}},"1":{"name":"(anonymous_1)","decl":{"start":{"line":5,"column":51},"end":{"line":5,"column":52}},"loc":{"start":{"line":5,"column":60},"end":{"line":5,"column":67}}},"2":{"name":"(anonymous_2)","decl":{"start":{"line":8,"column":40},"end":{"line":8,"column":41}},"loc":{"start":{"line":8,"column":64},"end":{"line":15,"column":1}}}},"branchMap":{"0":{"loc":{"start":{"line":11,"column":2},"end":{"line":13,"column":null}},"type":"if","locations":[{"start":{"line":11,"column":2},"end":{"line":13,"column":null}}]}},"s":{"0":1,"1":1,"2":0,"3":0,"4":1,"5":1,"6":0,"7":0,"8":0,"9":0,"10":0,"11":1},"f":{"0":0,"1":0,"2":0},"b":{"0":[0]}}
,"C:\\Users\\morenoisidro\\dev\\clients\\scale.io\\isidro-moreno-web\\src\\environments\\environment.ts": {"path":"C:\\Users\\morenoisidro\\dev\\clients\\scale.io\\isidro-moreno-web\\src\\environments\\environment.ts","statementMap":{"0":{"start":{"line":5,"column":13},"end":{"line":8,"column":2}}},"fnMap":{},"branchMap":{},"s":{"0":1},"f":{},"b":{}}
}
