TN:
SF:jest-global-mocks.ts
FN:6,(anonymous_0)
FN:18,(anonymous_1)
FNF:2
FNH:0
FNDA:0,(anonymous_0)
FNDA:0,(anonymous_1)
DA:1,5
DA:2,5
DA:5,5
DA:7,0
DA:17,5
DA:19,0
LF:6
LH:4
BRF:0
BRH:0
end_of_record
TN:
SF:src\app\app.component.html
FNF:0
FNH:0
DA:1,1
LF:1
LH:1
BRF:0
BRH:0
end_of_record
TN:
SF:src\app\app.component.ts
FN:26,(anonymous_0)
FN:30,(anonymous_1)
FN:31,(anonymous_2)
FN:37,(anonymous_3)
FN:41,(anonymous_4)
FN:47,(anonymous_5)
FN:59,(anonymous_6)
FN:67,(anonymous_7)
FNF:8
FNH:0
FNDA:0,(anonymous_0)
FNDA:0,(anonymous_1)
FNDA:0,(anonymous_2)
FNDA:0,(anonymous_3)
FNDA:0,(anonymous_4)
FNDA:0,(anonymous_5)
FNDA:0,(anonymous_6)
FNDA:0,(anonymous_7)
DA:1,1
DA:3,1
DA:5,1
DA:7,1
DA:8,1
DA:15,1
DA:16,0
DA:18,0
DA:19,0
DA:20,0
DA:21,0
DA:23,0
DA:26,0
DA:27,0
DA:31,0
DA:32,0
DA:33,0
DA:38,0
DA:42,0
DA:43,0
DA:44,0
DA:45,0
DA:47,0
DA:50,0
DA:51,0
DA:60,0
DA:61,0
DA:62,0
DA:63,0
DA:68,0
DA:69,0
DA:70,0
DA:72,0
LF:33
LH:6
BRDA:42,0,0,0
BRDA:42,0,1,0
BRDA:60,1,0,0
BRDA:60,1,1,0
BRDA:60,2,0,0
BRDA:60,2,1,0
BRDA:60,3,0,0
BRDA:60,3,1,0
BRDA:61,4,0,0
BRDA:61,4,1,0
BRDA:62,5,0,0
BRDA:62,6,0,0
BRDA:62,6,1,0
BRDA:69,7,0,0
BRF:14
BRH:0
end_of_record
TN:
SF:src\app\consts.ts
FNF:0
FNH:0
DA:1,1
LF:1
LH:1
BRF:0
BRH:0
end_of_record
TN:
SF:src\app\components\github-pagination\github-pagination.component.html
FNF:0
FNH:0
DA:1,1
LF:1
LH:1
BRF:0
BRH:0
end_of_record
TN:
SF:src\app\components\github-pagination\github-pagination.component.ts
FN:24,(anonymous_0)
FN:26,(anonymous_1)
FN:27,(anonymous_2)
FN:33,(anonymous_3)
FN:37,(anonymous_4)
FN:41,(anonymous_5)
FNF:6
FNH:5
FNDA:1,(anonymous_0)
FNDA:1,(anonymous_1)
FNDA:1,(anonymous_2)
FNDA:0,(anonymous_3)
FNDA:1,(anonymous_4)
FNDA:1,(anonymous_5)
DA:1,1
DA:2,1
DA:3,1
DA:10,1
DA:11,1
DA:13,1
DA:14,1
DA:15,1
DA:17,1
DA:19,1
DA:20,1
DA:22,1
DA:24,1
DA:27,1
DA:28,1
DA:29,1
DA:34,0
DA:38,1
DA:42,1
DA:43,1
LF:20
LH:19
BRF:0
BRH:0
end_of_record
TN:
SF:src\app\components\results\results.component.html
FNF:0
FNH:0
DA:1,1
LF:1
LH:1
BRF:0
BRH:0
end_of_record
TN:
SF:src\app\components\results\results.component.ts
FN:18,(anonymous_1)
FNF:1
FNH:0
FNDA:0,(anonymous_1)
DA:1,1
DA:2,1
DA:11,1
DA:12,1
DA:13,1
DA:14,1
DA:15,1
DA:16,1
DA:19,0
LF:9
LH:8
BRF:0
BRH:0
end_of_record
TN:
SF:src\app\components\search\search.component.html
FNF:0
FNH:0
DA:1,1
LF:1
LH:1
BRF:0
BRH:0
end_of_record
TN:
SF:src\app\components\search\search.component.ts
FN:14,(anonymous_0)
FN:18,(anonymous_1)
FN:22,(anonymous_2)
FN:26,(anonymous_3)
FN:30,(anonymous_4)
FNF:5
FNH:0
FNDA:0,(anonymous_0)
FNDA:0,(anonymous_1)
FNDA:0,(anonymous_2)
FNDA:0,(anonymous_3)
FNDA:0,(anonymous_4)
DA:1,1
DA:2,1
DA:9,1
DA:12,0
DA:14,0
DA:15,0
DA:19,0
DA:23,0
DA:27,0
DA:31,0
LF:10
LH:3
BRF:0
BRH:0
end_of_record
TN:
SF:src\app\model\search-results-page.ts
FN:3,(anonymous_0)
FNF:1
FNH:1
FNDA:2,(anonymous_0)
DA:3,2
DA:4,2
DA:5,2
DA:6,2
DA:7,2
DA:8,2
LF:6
LH:6
BRDA:3,0,0,2
BRDA:3,0,1,2
BRF:2
BRH:2
end_of_record
TN:
SF:src\app\services\github.service.ts
FN:33,(anonymous_0)
FN:35,(anonymous_1)
FN:37,(anonymous_2)
FN:44,(anonymous_3)
FN:54,(anonymous_4)
FN:57,(anonymous_5)
FN:71,(anonymous_6)
FNF:7
FNH:0
FNDA:0,(anonymous_0)
FNDA:0,(anonymous_1)
FNDA:0,(anonymous_2)
FNDA:0,(anonymous_3)
FNDA:0,(anonymous_4)
FNDA:0,(anonymous_5)
FNDA:0,(anonymous_6)
DA:1,1
DA:3,1
DA:4,1
DA:6,1
DA:8,1
DA:10,1
DA:13,1
DA:26,1
DA:27,1
DA:29,0
DA:31,0
DA:33,0
DA:36,0
DA:38,0
DA:39,0
DA:45,0
DA:54,0
DA:58,0
DA:59,0
DA:63,0
DA:72,0
DA:73,0
LF:22
LH:9
BRDA:44,0,0,0
BRDA:73,1,0,0
BRDA:73,1,1,0
BRDA:73,2,0,0
BRDA:73,2,1,0
BRF:5
BRH:0
end_of_record
TN:
SF:src\app\utils\link-headers-helper.ts
FN:4,(anonymous_0)
FN:5,(anonymous_1)
FN:8,(anonymous_2)
FNF:3
FNH:0
FNDA:0,(anonymous_0)
FNDA:0,(anonymous_1)
FNDA:0,(anonymous_2)
DA:2,1
DA:4,1
DA:5,0
DA:8,1
DA:9,0
DA:10,0
DA:11,0
DA:12,0
DA:14,0
LF:9
LH:3
BRDA:11,0,0,0
BRF:1
BRH:0
end_of_record
TN:
SF:src\environments\environment.ts
FNF:0
FNH:0
DA:5,1
LF:1
LH:1
BRF:0
BRH:0
end_of_record
